INFO [2018-05-15 15:48:48] [[1]]
INFO [2018-05-15 15:48:48] vectors
INFO [2018-05-15 15:48:48] 
INFO [2018-05-15 15:48:48] $fill
INFO [2018-05-15 15:48:48] fill
INFO [2018-05-15 15:48:48] 
INFO [2018-05-15 15:48:48] $alpha
INFO [2018-05-15 15:48:48] alpha
INFO [2018-05-15 15:48:48] 
INFO [2018-05-15 15:48:48] $cat.pos
INFO [2018-05-15 15:48:48] cat.pos
INFO [2018-05-15 15:48:48] 
INFO [2018-05-15 15:48:48] $cat.fontface
INFO [2018-05-15 15:48:48] [1] "bold"
INFO [2018-05-15 15:48:48] 
INFO [2018-05-15 15:48:48] $cat.cex
INFO [2018-05-15 15:48:48] cat.cex
INFO [2018-05-15 15:48:48] 
INFO [2018-05-15 15:48:48] $cex
INFO [2018-05-15 15:48:48] cex
INFO [2018-05-15 15:48:48] 
INFO [2018-05-15 15:48:48] $filename
INFO [2018-05-15 15:48:48] NULL
INFO [2018-05-15 15:48:48] 
