INFO [2018-05-15 15:47:19] [[1]]
INFO [2018-05-15 15:47:19] vectors
INFO [2018-05-15 15:47:19] 
INFO [2018-05-15 15:47:19] $fill
INFO [2018-05-15 15:47:19] fill
INFO [2018-05-15 15:47:19] 
INFO [2018-05-15 15:47:19] $alpha
INFO [2018-05-15 15:47:19] alpha
INFO [2018-05-15 15:47:19] 
INFO [2018-05-15 15:47:19] $cat.pos
INFO [2018-05-15 15:47:19] cat.pos
INFO [2018-05-15 15:47:19] 
INFO [2018-05-15 15:47:19] $cat.fontface
INFO [2018-05-15 15:47:19] [1] "bold"
INFO [2018-05-15 15:47:19] 
INFO [2018-05-15 15:47:19] $cat.cex
INFO [2018-05-15 15:47:19] cat.cex
INFO [2018-05-15 15:47:19] 
INFO [2018-05-15 15:47:19] $cex
INFO [2018-05-15 15:47:19] cex
INFO [2018-05-15 15:47:19] 
INFO [2018-05-15 15:47:19] $filename
INFO [2018-05-15 15:47:19] NULL
INFO [2018-05-15 15:47:19] 
