INFO [2018-05-15 15:46:43] [[1]]
INFO [2018-05-15 15:46:43] vectors
INFO [2018-05-15 15:46:43] 
INFO [2018-05-15 15:46:43] $fill
INFO [2018-05-15 15:46:43] fill
INFO [2018-05-15 15:46:43] 
INFO [2018-05-15 15:46:43] $alpha
INFO [2018-05-15 15:46:43] alpha
INFO [2018-05-15 15:46:43] 
INFO [2018-05-15 15:46:43] $cat.pos
INFO [2018-05-15 15:46:43] cat.pos
INFO [2018-05-15 15:46:43] 
INFO [2018-05-15 15:46:43] $cat.fontface
INFO [2018-05-15 15:46:43] [1] "bold"
INFO [2018-05-15 15:46:43] 
INFO [2018-05-15 15:46:43] $cat.cex
INFO [2018-05-15 15:46:43] cat.cex
INFO [2018-05-15 15:46:43] 
INFO [2018-05-15 15:46:43] $cex
INFO [2018-05-15 15:46:43] cex
INFO [2018-05-15 15:46:43] 
INFO [2018-05-15 15:46:43] $filename
INFO [2018-05-15 15:46:43] NULL
INFO [2018-05-15 15:46:43] 
